Assembler report for lemon
Mon Oct 24 22:02:19 2022
Quartus Prime Version 17.0.0 Build 595 04/25/2017 SJ Standard Edition


---------------------
; Table of Contents ;
---------------------
  1. Legal Notice
  2. Assembler Summary
  3. Assembler Settings
  4. Assembler Encrypted IP Cores Summary
  5. Assembler Generated Files
  6. Assembler Device Options: D:/whu/EI/FPGA/project/audio_amp/Model/output_files/lemon.sof
  7. Assembler Device Options: D:/whu/EI/FPGA/project/audio_amp/Model/output_files/lemon.pof
  8. Assembler Messages



----------------
; Legal Notice ;
----------------
Copyright (C) 2017  Intel Corporation. All rights reserved.
Your use of Intel Corporation's design tools, logic functions 
and other software and tools, and its AMPP partner logic 
functions, and any output files from any of the foregoing 
(including device programming or simulation files), and any 
associated documentation or information are expressly subject 
to the terms and conditions of the Intel Program License 
Subscription Agreement, the Intel Quartus Prime License Agreement,
the Intel MegaCore Function License Agreement, or other 
applicable license agreement, including, without limitation, 
that your use is for the sole purpose of programming logic 
devices manufactured by Intel and sold by Intel or its 
authorized distributors.  Please refer to the applicable 
agreement for further details.



+---------------------------------------------------------------+
; Assembler Summary                                             ;
+-----------------------+---------------------------------------+
; Assembler Status      ; Successful - Mon Oct 24 22:02:19 2022 ;
; Revision Name         ; lemon                                 ;
; Top-level Entity Name ; lemon                                 ;
; Family                ; Cyclone IV E                          ;
; Device                ; EP4CE40F23C8                          ;
+-----------------------+---------------------------------------+


+----------------------------------+
; Assembler Settings               ;
+--------+---------+---------------+
; Option ; Setting ; Default Value ;
+--------+---------+---------------+


+-------------------------------------------------------+
; Assembler Encrypted IP Cores Summary                  ;
+--------+-------------------------------+--------------+
; Vendor ; IP Core Name                  ; License Type ;
+--------+-------------------------------+--------------+
; Altera ; Nios II Processor (6AF7 00A2) ; Licensed     ;
; Altera ; Signal Tap (6AF7 BCE1)        ; Licensed     ;
; Altera ; Signal Tap (6AF7 BCEC)        ; Licensed     ;
+--------+-------------------------------+--------------+


+---------------------------------------------------------------+
; Assembler Generated Files                                     ;
+---------------------------------------------------------------+
; File Name                                                     ;
+---------------------------------------------------------------+
; D:/whu/EI/FPGA/project/audio_amp/Model/output_files/lemon.sof ;
; D:/whu/EI/FPGA/project/audio_amp/Model/output_files/lemon.pof ;
+---------------------------------------------------------------+


+-----------------------------------------------------------------------------------------+
; Assembler Device Options: D:/whu/EI/FPGA/project/audio_amp/Model/output_files/lemon.sof ;
+----------------+------------------------------------------------------------------------+
; Option         ; Setting                                                                ;
+----------------+------------------------------------------------------------------------+
; JTAG usercode  ; 0x0072C5A5                                                             ;
; Checksum       ; 0x0072C5A5                                                             ;
+----------------+------------------------------------------------------------------------+


+-----------------------------------------------------------------------------------------+
; Assembler Device Options: D:/whu/EI/FPGA/project/audio_amp/Model/output_files/lemon.pof ;
+--------------------+--------------------------------------------------------------------+
; Option             ; Setting                                                            ;
+--------------------+--------------------------------------------------------------------+
; JTAG usercode      ; 0x00000000                                                         ;
; Checksum           ; 0x1A884383                                                         ;
; Compression Ratio  ; 2                                                                  ;
+--------------------+--------------------------------------------------------------------+


+--------------------+
; Assembler Messages ;
+--------------------+
Info: *******************************************************************
Info: Running Quartus Prime Assembler
    Info: Version 17.0.0 Build 595 04/25/2017 SJ Standard Edition
    Info: Processing started: Mon Oct 24 22:02:17 2022
Info: Command: quartus_asm --read_settings_files=off --write_settings_files=off lemon -c lemon
Warning (125092): Tcl Script File ADD1.qip not found
    Info (125063): set_global_assignment -name QIP_FILE ADD1.qip
Warning (18236): Number of processors has not been specified which may cause overloading on shared machines.  Set the global assignment NUM_PARALLEL_PROCESSORS in your QSF to an appropriate value for best performance.
Info (115031): Writing out detailed assembly data for power analysis
Info (115030): Assembler is generating device programming files
Info: Quartus Prime Assembler was successful. 0 errors, 2 warnings
    Info: Peak virtual memory: 4721 megabytes
    Info: Processing ended: Mon Oct 24 22:02:19 2022
    Info: Elapsed time: 00:00:02
    Info: Total CPU time (on all processors): 00:00:02


