20:38:26 **** Incremental Build of configuration Nios II for project helloagain ****
make all 
Info: Building ../helloagain_bsp/
C:/intelFPGA/17.0/nios2eds/bin/gnu/H-x86_64-mingw32/bin/make --no-print-directory -C ../helloagain_bsp/
[BSP build complete]
Info: Compiling i2c.c to obj/default/i2c.o
nios2-elf-gcc -xc -MP -MMD -c -I../helloagain_bsp//HAL/inc -I../helloagain_bsp/ -I../helloagain_bsp//drivers/inc  -pipe -D__hal__ -DALT_NO_INSTRUCTION_EMULATION -DALT_SINGLE_THREADED    -O0 -g -Wall   -mhw-div -mhw-mul -mno-hw-mulx -mgpopt=global  -o obj/default/i2c.o i2c.c
Info: Linking helloagain.elf
nios2-elf-g++  -T'../helloagain_bsp//linker.x' -msys-crt0='../helloagain_bsp//obj/HAL/src/crt0.o' -msys-lib=hal_bsp -L../helloagain_bsp/   -Wl,-Map=helloagain.map   -O0 -g -Wall   -mhw-div -mhw-mul -mno-hw-mulx -mgpopt=global  -o helloagain.elf obj/default/ctrl.o obj/default/draw.o obj/default/hello_world.o obj/default/i2c.o obj/default/key.o obj/default/lcd.o -lm -msys-lib=m
nios2-elf-insert helloagain.elf --thread_model hal --cpu_name cpu --qsys true --simulation_enabled false --id 0 --sidp 0x4010b0 --timestamp 1666437569 --stderr_dev jtag_uart --stdin_dev jtag_uart --stdout_dev jtag_uart --sopc_system_name nios2 --quartus_project_dir "D:/whu/EI/FPGA/project/audio_amp/Model" --jdi ../..//output_files/lemon.jdi --sopcinfo D:/whu/EI/FPGA/project/audio_amp/Model/software/helloagain_bsp/../../nios2.sopcinfo
Info: (helloagain.elf) 133 KBytes program size (code + initialized data).
Info:                  8058 KBytes free for stack + heap.
Info: Creating helloagain.objdump
nios2-elf-objdump --disassemble --syms --all-header --source helloagain.elf >helloagain.objdump
[helloagain build complete]

20:38:28 Build Finished (took 1s.920ms)

20:38:41 **** Incremental Build of configuration Nios II for project helloagain ****
make all 
Info: Building ../helloagain_bsp/
C:/intelFPGA/17.0/nios2eds/bin/gnu/H-x86_64-mingw32/bin/make --no-print-directory -C ../helloagain_bsp/
[BSP build complete]
[helloagain build complete]
20:38:42 **** Incremental Build of configuration Nios II for project helloagain_bsp ****
make all 
[BSP build complete]
20:38:43 **** Incremental Build of configuration Nios II for project helloagain ****
make all 
Info: Building ../helloagain_bsp/
C:/intelFPGA/17.0/nios2eds/bin/gnu/H-x86_64-mingw32/bin/make --no-print-directory -C ../helloagain_bsp/
[BSP build complete]
[helloagain build complete]
